<?xml version="1.0" encoding="UTF-8"?>
<testng-results ignored="0" total="1" passed="1" failed="0" skipped="0">
  <reporter-output>
  </reporter-output>
  <suite started-at="2024-02-29T23:34:32 IST" name="Default suite" finished-at="2024-02-29T23:35:06 IST" duration-ms="33925">
    <groups>
    </groups>
    <test started-at="2024-02-29T23:34:32 IST" name="Default test" finished-at="2024-02-29T23:35:06 IST" duration-ms="33925">
      <class name="Testcases.Scenario1_Test">
        <test-method is-config="true" signature="BrowserSetup()[pri:0, instance:Testcases.Scenario1_Test@3bf9ce3e]" started-at="2024-02-29T23:34:12 IST" name="BrowserSetup" finished-at="2024-02-29T23:34:32 IST" duration-ms="20510" status="PASS">
          <reporter-output>
          </reporter-output>
        </test-method> <!-- BrowserSetup -->
        <test-method signature="Nike_method()[pri:0, instance:Testcases.Scenario1_Test@3bf9ce3e]" started-at="2024-02-29T23:34:33 IST" name="Nike_method" finished-at="2024-02-29T23:35:06 IST" duration-ms="33793" status="PASS">
          <reporter-output>
          </reporter-output>
        </test-method> <!-- Nike_method -->
        <test-method is-config="true" signature="CloseBrowser()[pri:0, instance:Testcases.Scenario1_Test@3bf9ce3e]" started-at="2024-02-29T23:35:07 IST" name="CloseBrowser" finished-at="2024-02-29T23:35:08 IST" duration-ms="1567" status="PASS">
          <reporter-output>
          </reporter-output>
        </test-method> <!-- CloseBrowser -->
      </class> <!-- Testcases.Scenario1_Test -->
    </test> <!-- Default test -->
  </suite> <!-- Default suite -->
</testng-results>
